# JRE version: OpenJDK Runtime Environment (8.0_242-b01) (build 1.8.0_242-release-1644-b01)
# Java VM: OpenJDK 64-Bit Server VM (25.242-b01 mixed mode windows-amd64 compressed oops)
Heap:
 PSYoungGen      total 240128K, used 163089K [0x00000000d5580000, 0x00000000ebc00000, 0x0000000100000000)
  eden space 222208K, 65% used [0x00000000d5580000,0x00000000de3448d0,0x00000000e2e80000)
  from space 17920K, 99% used [0x00000000e2e80000,0x00000000e3fffd80,0x00000000e4000000)
  to   space 24064K, 0% used [0x00000000ea480000,0x00000000ea480000,0x00000000ebc00000)
 ParOldGen       total 84992K, used 47424K [0x0000000080000000, 0x0000000085300000, 0x00000000d5580000)
  object space 84992K, 55% used [0x0000000080000000,0x0000000082e50020,0x0000000085300000)
 Metaspace       used 85088K, capacity 89348K, committed 89560K, reserved 1126400K
  class space    used 11343K, capacity 12221K, committed 12288K, reserved 1048576K
GC Heap History (10 events):
Event: 32.019 GC heap before
{Heap before GC invocations=14 (full 2):
 PSYoungGen      total 109568K, used 108299K [0x00000000d5580000, 0x00000000e0280000, 0x0000000100000000)
  eden space 97792K, 100% used [0x00000000d5580000,0x00000000db500000,0x00000000db500000)
  from space 11776K, 89% used [0x00000000db500000,0x00000000dbf42ee0,0x00000000dc080000)
  to   space 12800K, 0% used [0x00000000df600000,0x00000000df600000,0x00000000e0280000)
 ParOldGen       total 55808K, used 15461K [0x0000000080000000, 0x0000000083680000, 0x00000000d5580000)
  object space 55808K, 27% used [0x0000000080000000,0x0000000080f197c8,0x0000000083680000)
 Metaspace       used 44814K, capacity 46884K, committed 47192K, reserved 1089536K
  class space    used 6048K, capacity 6440K, committed 6528K, reserved 1048576K
Event: 32.032 GC heap after
Heap after GC invocations=14 (full 2):
 PSYoungGen      total 161280K, used 7463K [0x00000000d5580000, 0x00000000e0100000, 0x0000000100000000)
  eden space 150016K, 0% used [0x00000000d5580000,0x00000000d5580000,0x00000000de800000)
  from space 11264K, 66% used [0x00000000df600000,0x00000000dfd49d78,0x00000000e0100000)
  to   space 12800K, 0% used [0x00000000de800000,0x00000000de800000,0x00000000df480000)
 ParOldGen       total 55808K, used 21289K [0x0000000080000000, 0x0000000083680000, 0x00000000d5580000)
  object space 55808K, 38% used [0x0000000080000000,0x00000000814ca6c8,0x0000000083680000)
 Metaspace       used 44814K, capacity 46884K, committed 47192K, reserved 1089536K
  class space    used 6048K, capacity 6440K, committed 6528K, reserved 1048576K
}
Event: 37.386 GC heap before
{Heap before GC invocations=15 (full 2):
 PSYoungGen      total 161280K, used 139323K [0x00000000d5580000, 0x00000000e0100000, 0x0000000100000000)
  eden space 150016K, 87% used [0x00000000d5580000,0x00000000dd645008,0x00000000de800000)
  from space 11264K, 66% used [0x00000000df600000,0x00000000dfd49d78,0x00000000e0100000)
  to   space 12800K, 0% used [0x00000000de800000,0x00000000de800000,0x00000000df480000)
 ParOldGen       total 55808K, used 21289K [0x0000000080000000, 0x0000000083680000, 0x00000000d5580000)
  object space 55808K, 38% used [0x0000000080000000,0x00000000814ca6c8,0x0000000083680000)
 Metaspace       used 56606K, capacity 58964K, committed 59028K, reserved 1099776K
  class space    used 7453K, capacity 7908K, committed 7936K, reserved 1048576K
Event: 37.418 GC heap after
Heap after GC invocations=15 (full 2):
 PSYoungGen      total 162816K, used 12796K [0x00000000d5580000, 0x00000000e5480000, 0x0000000100000000)
  eden space 150016K, 0% used [0x00000000d5580000,0x00000000d5580000,0x00000000de800000)
  from space 12800K, 99% used [0x00000000de800000,0x00000000df47f140,0x00000000df480000)
  to   space 16896K, 0% used [0x00000000e4400000,0x00000000e4400000,0x00000000e5480000)
 ParOldGen       total 55808K, used 28352K [0x0000000080000000, 0x0000000083680000, 0x00000000d5580000)
  object space 55808K, 50% used [0x0000000080000000,0x0000000081bb01c8,0x0000000083680000)
 Metaspace       used 56606K, capacity 58964K, committed 59028K, reserved 1099776K
  class space    used 7453K, capacity 7908K, committed 7936K, reserved 1048576K
}
Event: 37.418 GC heap before
{Heap before GC invocations=16 (full 3):
 PSYoungGen      total 162816K, used 12796K [0x00000000d5580000, 0x00000000e5480000, 0x0000000100000000)
  eden space 150016K, 0% used [0x00000000d5580000,0x00000000d5580000,0x00000000de800000)
  from space 12800K, 99% used [0x00000000de800000,0x00000000df47f140,0x00000000df480000)
  to   space 16896K, 0% used [0x00000000e4400000,0x00000000e4400000,0x00000000e5480000)
 ParOldGen       total 55808K, used 28352K [0x0000000080000000, 0x0000000083680000, 0x00000000d5580000)
  object space 55808K, 50% used [0x0000000080000000,0x0000000081bb01c8,0x0000000083680000)
 Metaspace       used 56606K, capacity 58964K, committed 59028K, reserved 1099776K
  class space    used 7453K, capacity 7908K, committed 7936K, reserved 1048576K
Event: 37.709 GC heap after
Heap after GC invocations=16 (full 3):
 PSYoungGen      total 162816K, used 0K [0x00000000d5580000, 0x00000000e5480000, 0x0000000100000000)
  eden space 150016K, 0% used [0x00000000d5580000,0x00000000d5580000,0x00000000de800000)
  from space 12800K, 0% used [0x00000000de800000,0x00000000de800000,0x00000000df480000)
  to   space 16896K, 0% used [0x00000000e4400000,0x00000000e4400000,0x00000000e5480000)
 ParOldGen       total 84992K, used 37332K [0x0000000080000000, 0x0000000085300000, 0x00000000d5580000)
  object space 84992K, 43% used [0x0000000080000000,0x00000000824750b8,0x0000000085300000)
 Metaspace       used 56546K, capacity 58816K, committed 59028K, reserved 1099776K
  class space    used 7437K, capacity 7888K, committed 7936K, reserved 1048576K
}
Event: 46.846 GC heap before
{Heap before GC invocations=17 (full 3):
 PSYoungGen      total 162816K, used 150016K [0x00000000d5580000, 0x00000000e5480000, 0x0000000100000000)
  eden space 150016K, 100% used [0x00000000d5580000,0x00000000de800000,0x00000000de800000)
  from space 12800K, 0% used [0x00000000de800000,0x00000000de800000,0x00000000df480000)
  to   space 16896K, 0% used [0x00000000e4400000,0x00000000e4400000,0x00000000e5480000)
 ParOldGen       total 84992K, used 37332K [0x0000000080000000, 0x0000000085300000, 0x00000000d5580000)
  object space 84992K, 43% used [0x0000000080000000,0x00000000824750b8,0x0000000085300000)
 Metaspace       used 66410K, capacity 69172K, committed 69464K, reserved 1110016K
  class space    used 9009K, capacity 9558K, committed 9600K, reserved 1048576K
Event: 46.866 GC heap after
Heap after GC invocations=17 (full 3):
 PSYoungGen      total 235008K, used 13651K [0x00000000d5580000, 0x00000000e5180000, 0x0000000100000000)
  eden space 221184K, 0% used [0x00000000d5580000,0x00000000d5580000,0x00000000e2d80000)
  from space 13824K, 98% used [0x00000000e4400000,0x00000000e5154e40,0x00000000e5180000)
  to   space 17920K, 0% used [0x00000000e2e80000,0x00000000e2e80000,0x00000000e4000000)
 ParOldGen       total 84992K, used 37340K [0x0000000080000000, 0x0000000085300000, 0x00000000d5580000)
  object space 84992K, 43% used [0x0000000080000000,0x00000000824770b8,0x0000000085300000)
 Metaspace       used 66410K, capacity 69172K, committed 69464K, reserved 1110016K
  class space    used 9009K, capacity 9558K, committed 9600K, reserved 1048576K
}
Event: 112.979 GC heap before
{Heap before GC invocations=18 (full 3):
 PSYoungGen      total 235008K, used 234835K [0x00000000d5580000, 0x00000000e5180000, 0x0000000100000000)
  eden space 221184K, 100% used [0x00000000d5580000,0x00000000e2d80000,0x00000000e2d80000)
  from space 13824K, 98% used [0x00000000e4400000,0x00000000e5154e40,0x00000000e5180000)
  to   space 17920K, 0% used [0x00000000e2e80000,0x00000000e2e80000,0x00000000e4000000)
 ParOldGen       total 84992K, used 37340K [0x0000000080000000, 0x0000000085300000, 0x00000000d5580000)
  object space 84992K, 43% used [0x0000000080000000,0x00000000824770b8,0x0000000085300000)
 Metaspace       used 79158K, capacity 82906K, committed 83032K, reserved 1120256K
  class space    used 10786K, capacity 11576K, committed 11648K, reserved 1048576K
Event: 113.013 GC heap after
Heap after GC invocations=18 (full 3):
 PSYoungGen      total 240128K, used 17919K [0x00000000d5580000, 0x00000000ebc00000, 0x0000000100000000)
  eden space 222208K, 0% used [0x00000000d5580000,0x00000000d5580000,0x00000000e2e80000)
  from space 17920K, 99% used [0x00000000e2e80000,0x00000000e3fffd80,0x00000000e4000000)
  to   space 24064K, 0% used [0x00000000ea480000,0x00000000ea480000,0x00000000ebc00000)
 ParOldGen       total 84992K, used 47424K [0x0000000080000000, 0x0000000085300000, 0x00000000d5580000)
  object space 84992K, 55% used [0x0000000080000000,0x0000000082e50020,0x0000000085300000)
 Metaspace       used 79158K, capacity 82906K, committed 83032K, reserved 1120256K
  class space    used 10786K, capacity 11576K, committed 11648K, reserved 1048576K
}

