# JRE version: OpenJDK Runtime Environment (8.0_242-b01) (build 1.8.0_242-release-1644-b01)
# Java VM: OpenJDK 64-Bit Server VM (25.242-b01 mixed mode windows-amd64 compressed oops)
Heap:
 PSYoungGen      total 309760K, used 21038K [0x00000000d5580000, 0x00000000ed880000, 0x0000000100000000)
  eden space 284672K, 0% used [0x00000000d5580000,0x00000000d57bdd28,0x00000000e6b80000)
  from space 25088K, 74% used [0x00000000ec000000,0x00000000ed24dd88,0x00000000ed880000)
  to   space 26112K, 0% used [0x00000000e6b80000,0x00000000e6b80000,0x00000000e8500000)
 ParOldGen       total 133632K, used 65257K [0x0000000080000000, 0x0000000088280000, 0x00000000d5580000)
  object space 133632K, 48% used [0x0000000080000000,0x0000000083fba400,0x0000000088280000)
 Metaspace       used 107748K, capacity 113330K, committed 113368K, reserved 1146880K
  class space    used 14278K, capacity 15347K, committed 15360K, reserved 1048576K
GC Heap History (10 events):
Event: 43.914 GC heap before
{Heap before GC invocations=18 (full 3):
 PSYoungGen      total 224256K, used 222601K [0x00000000d5580000, 0x00000000e4600000, 0x0000000100000000)
  eden space 209408K, 100% used [0x00000000d5580000,0x00000000e2200000,0x00000000e2200000)
  from space 14848K, 88% used [0x00000000e3780000,0x00000000e44624b8,0x00000000e4600000)
  to   space 18432K, 0% used [0x00000000e2200000,0x00000000e2200000,0x00000000e3400000)
 ParOldGen       total 84992K, used 35327K [0x0000000080000000, 0x0000000085300000, 0x00000000d5580000)
  object space 84992K, 41% used [0x0000000080000000,0x000000008227ff00,0x0000000085300000)
 Metaspace       used 77775K, capacity 81316K, committed 81368K, reserved 1120256K
  class space    used 10552K, capacity 11221K, committed 11264K, reserved 1048576K
Event: 43.939 GC heap after
Heap after GC invocations=18 (full 3):
 PSYoungGen      total 227840K, used 18425K [0x00000000d5580000, 0x00000000ea280000, 0x0000000100000000)
  eden space 209408K, 0% used [0x00000000d5580000,0x00000000d5580000,0x00000000e2200000)
  from space 18432K, 99% used [0x00000000e2200000,0x00000000e33fe488,0x00000000e3400000)
  to   space 24064K, 0% used [0x00000000e8b00000,0x00000000e8b00000,0x00000000ea280000)
 ParOldGen       total 84992K, used 44022K [0x0000000080000000, 0x0000000085300000, 0x00000000d5580000)
  object space 84992K, 51% used [0x0000000080000000,0x0000000082afda58,0x0000000085300000)
 Metaspace       used 77775K, capacity 81316K, committed 81368K, reserved 1120256K
  class space    used 10552K, capacity 11221K, committed 11264K, reserved 1048576K
}
Event: 287.763 GC heap before
{Heap before GC invocations=19 (full 3):
 PSYoungGen      total 227840K, used 227833K [0x00000000d5580000, 0x00000000ea280000, 0x0000000100000000)
  eden space 209408K, 100% used [0x00000000d5580000,0x00000000e2200000,0x00000000e2200000)
  from space 18432K, 99% used [0x00000000e2200000,0x00000000e33fe488,0x00000000e3400000)
  to   space 24064K, 0% used [0x00000000e8b00000,0x00000000e8b00000,0x00000000ea280000)
 ParOldGen       total 84992K, used 44022K [0x0000000080000000, 0x0000000085300000, 0x00000000d5580000)
  object space 84992K, 51% used [0x0000000080000000,0x0000000082afda58,0x0000000085300000)
 Metaspace       used 88544K, capacity 92886K, committed 93016K, reserved 1130496K
  class space    used 11752K, capacity 12658K, committed 12672K, reserved 1048576K
Event: 287.793 GC heap after
Heap after GC invocations=19 (full 3):
 PSYoungGen      total 304640K, used 19161K [0x00000000d5580000, 0x00000000e9e80000, 0x0000000100000000)
  eden space 284672K, 0% used [0x00000000d5580000,0x00000000d5580000,0x00000000e6b80000)
  from space 19968K, 95% used [0x00000000e8b00000,0x00000000e9db65c0,0x00000000e9e80000)
  to   space 26112K, 0% used [0x00000000e6b80000,0x00000000e6b80000,0x00000000e8500000)
 ParOldGen       total 84992K, used 56502K [0x0000000080000000, 0x0000000085300000, 0x00000000d5580000)
  object space 84992K, 66% used [0x0000000080000000,0x000000008372d8a8,0x0000000085300000)
 Metaspace       used 88544K, capacity 92886K, committed 93016K, reserved 1130496K
  class space    used 11752K, capacity 12658K, committed 12672K, reserved 1048576K
}
Event: 294.669 GC heap before
{Heap before GC invocations=20 (full 3):
 PSYoungGen      total 304640K, used 193238K [0x00000000d5580000, 0x00000000e9e80000, 0x0000000100000000)
  eden space 284672K, 61% used [0x00000000d5580000,0x00000000dff7f488,0x00000000e6b80000)
  from space 19968K, 95% used [0x00000000e8b00000,0x00000000e9db65c0,0x00000000e9e80000)
  to   space 26112K, 0% used [0x00000000e6b80000,0x00000000e6b80000,0x00000000e8500000)
 ParOldGen       total 84992K, used 56502K [0x0000000080000000, 0x0000000085300000, 0x00000000d5580000)
  object space 84992K, 66% used [0x0000000080000000,0x000000008372d8a8,0x0000000085300000)
 Metaspace       used 93483K, capacity 98128K, committed 98280K, reserved 1134592K
  class space    used 12404K, capacity 13357K, committed 13440K, reserved 1048576K
Event: 294.691 GC heap after
Heap after GC invocations=20 (full 3):
 PSYoungGen      total 310784K, used 12444K [0x00000000d5580000, 0x00000000ed880000, 0x0000000100000000)
  eden space 284672K, 0% used [0x00000000d5580000,0x00000000d5580000,0x00000000e6b80000)
  from space 26112K, 47% used [0x00000000e6b80000,0x00000000e77a73b8,0x00000000e8500000)
  to   space 25088K, 0% used [0x00000000ec000000,0x00000000ec000000,0x00000000ed880000)
 ParOldGen       total 84992K, used 68282K [0x0000000080000000, 0x0000000085300000, 0x00000000d5580000)
  object space 84992K, 80% used [0x0000000080000000,0x00000000842aea80,0x0000000085300000)
 Metaspace       used 93483K, capacity 98128K, committed 98280K, reserved 1134592K
  class space    used 12404K, capacity 13357K, committed 13440K, reserved 1048576K
}
Event: 294.691 GC heap before
{Heap before GC invocations=21 (full 4):
 PSYoungGen      total 310784K, used 12444K [0x00000000d5580000, 0x00000000ed880000, 0x0000000100000000)
  eden space 284672K, 0% used [0x00000000d5580000,0x00000000d5580000,0x00000000e6b80000)
  from space 26112K, 47% used [0x00000000e6b80000,0x00000000e77a73b8,0x00000000e8500000)
  to   space 25088K, 0% used [0x00000000ec000000,0x00000000ec000000,0x00000000ed880000)
 ParOldGen       total 84992K, used 68282K [0x0000000080000000, 0x0000000085300000, 0x00000000d5580000)
  object space 84992K, 80% used [0x0000000080000000,0x00000000842aea80,0x0000000085300000)
 Metaspace       used 93483K, capacity 98128K, committed 98280K, reserved 1134592K
  class space    used 12404K, capacity 13357K, committed 13440K, reserved 1048576K
Event: 294.941 GC heap after
Heap after GC invocations=21 (full 4):
 PSYoungGen      total 310784K, used 0K [0x00000000d5580000, 0x00000000ed880000, 0x0000000100000000)
  eden space 284672K, 0% used [0x00000000d5580000,0x00000000d5580000,0x00000000e6b80000)
  from space 26112K, 0% used [0x00000000e6b80000,0x00000000e6b80000,0x00000000e8500000)
  to   space 25088K, 0% used [0x00000000ec000000,0x00000000ec000000,0x00000000ed880000)
 ParOldGen       total 133632K, used 65249K [0x0000000080000000, 0x0000000088280000, 0x00000000d5580000)
  object space 133632K, 48% used [0x0000000080000000,0x0000000083fb8400,0x0000000088280000)
 Metaspace       used 93409K, capacity 97894K, committed 98280K, reserved 1134592K
  class space    used 12382K, capacity 13318K, committed 13440K, reserved 1048576K
}
Event: 325.249 GC heap before
{Heap before GC invocations=22 (full 4):
 PSYoungGen      total 310784K, used 284672K [0x00000000d5580000, 0x00000000ed880000, 0x0000000100000000)
  eden space 284672K, 100% used [0x00000000d5580000,0x00000000e6b80000,0x00000000e6b80000)
  from space 26112K, 0% used [0x00000000e6b80000,0x00000000e6b80000,0x00000000e8500000)
  to   space 25088K, 0% used [0x00000000ec000000,0x00000000ec000000,0x00000000ed880000)
 ParOldGen       total 133632K, used 65249K [0x0000000080000000, 0x0000000088280000, 0x00000000d5580000)
  object space 133632K, 48% used [0x0000000080000000,0x0000000083fb8400,0x0000000088280000)
 Metaspace       used 107747K, capacity 113330K, committed 113368K, reserved 1146880K
  class space    used 14278K, capacity 15347K, committed 15360K, reserved 1048576K
Event: 325.278 GC heap after
Heap after GC invocations=22 (full 4):
 PSYoungGen      total 309760K, used 18743K [0x00000000d5580000, 0x00000000ed880000, 0x0000000100000000)
  eden space 284672K, 0% used [0x00000000d5580000,0x00000000d5580000,0x00000000e6b80000)
  from space 25088K, 74% used [0x00000000ec000000,0x00000000ed24dd88,0x00000000ed880000)
  to   space 26112K, 0% used [0x00000000e6b80000,0x00000000e6b80000,0x00000000e8500000)
 ParOldGen       total 133632K, used 65257K [0x0000000080000000, 0x0000000088280000, 0x00000000d5580000)
  object space 133632K, 48% used [0x0000000080000000,0x0000000083fba400,0x0000000088280000)
 Metaspace       used 107747K, capacity 113330K, committed 113368K, reserved 1146880K
  class space    used 14278K, capacity 15347K, committed 15360K, reserved 1048576K
}

